  hkk.cpp
d:\hkk\hkk\hkk.cpp(85): warning C4838: 从“int”转换到“SHORT”需要收缩转换
d:\hkk\hkk\hkk.cpp(200): warning C4996: 'fopen': This function or variable may be unsafe. Consider using fopen_s instead. To disable deprecation, use _CRT_SECURE_NO_WARNINGS. See online help for details.
  f:\windows kits\10\include\10.0.17763.0\ucrt\stdio.h(208): note: 参见“fopen”的声明
d:\hkk\hkk\hkk.cpp(277): warning C4996: 'strcpy': This function or variable may be unsafe. Consider using strcpy_s instead. To disable deprecation, use _CRT_SECURE_NO_WARNINGS. See online help for details.
  f:\windows kits\10\include\10.0.17763.0\ucrt\string.h(133): note: 参见“strcpy”的声明
d:\hkk\hkk\hkk.cpp(280): warning C4996: 'sprintf': This function or variable may be unsafe. Consider using sprintf_s instead. To disable deprecation, use _CRT_SECURE_NO_WARNINGS. See online help for details.
  f:\windows kits\10\include\10.0.17763.0\ucrt\stdio.h(1774): note: 参见“sprintf”的声明
d:\hkk\hkk\hkk.cpp(281): warning C4996: 'strcat': This function or variable may be unsafe. Consider using strcat_s instead. To disable deprecation, use _CRT_SECURE_NO_WARNINGS. See online help for details.
  f:\windows kits\10\include\10.0.17763.0\ucrt\string.h(90): note: 参见“strcat”的声明
d:\hkk\hkk\hkk.cpp(282): warning C4996: 'strcat': This function or variable may be unsafe. Consider using strcat_s instead. To disable deprecation, use _CRT_SECURE_NO_WARNINGS. See online help for details.
  f:\windows kits\10\include\10.0.17763.0\ucrt\string.h(90): note: 参见“strcat”的声明
d:\hkk\hkk\hkk.cpp(284): warning C4996: 'strcpy': This function or variable may be unsafe. Consider using strcpy_s instead. To disable deprecation, use _CRT_SECURE_NO_WARNINGS. See online help for details.
  f:\windows kits\10\include\10.0.17763.0\ucrt\string.h(133): note: 参见“strcpy”的声明
d:\hkk\hkk\hkk.cpp(288): warning C4996: 'sprintf': This function or variable may be unsafe. Consider using sprintf_s instead. To disable deprecation, use _CRT_SECURE_NO_WARNINGS. See online help for details.
  f:\windows kits\10\include\10.0.17763.0\ucrt\stdio.h(1774): note: 参见“sprintf”的声明
d:\hkk\hkk\hkk.cpp(289): warning C4996: 'strcat': This function or variable may be unsafe. Consider using strcat_s instead. To disable deprecation, use _CRT_SECURE_NO_WARNINGS. See online help for details.
  f:\windows kits\10\include\10.0.17763.0\ucrt\string.h(90): note: 参见“strcat”的声明
d:\hkk\hkk\hkk.cpp(290): warning C4996: 'strcat': This function or variable may be unsafe. Consider using strcat_s instead. To disable deprecation, use _CRT_SECURE_NO_WARNINGS. See online help for details.
  f:\windows kits\10\include\10.0.17763.0\ucrt\string.h(90): note: 参见“strcat”的声明
d:\hkk\hkk\hkk.cpp(292): warning C4996: 'strcpy': This function or variable may be unsafe. Consider using strcpy_s instead. To disable deprecation, use _CRT_SECURE_NO_WARNINGS. See online help for details.
  f:\windows kits\10\include\10.0.17763.0\ucrt\string.h(133): note: 参见“strcpy”的声明
d:\hkk\hkk\hkk.cpp(294): warning C4996: 'strcpy': This function or variable may be unsafe. Consider using strcpy_s instead. To disable deprecation, use _CRT_SECURE_NO_WARNINGS. See online help for details.
  f:\windows kits\10\include\10.0.17763.0\ucrt\string.h(133): note: 参见“strcpy”的声明
d:\hkk\hkk\hkk.cpp(297): warning C4996: 'sprintf': This function or variable may be unsafe. Consider using sprintf_s instead. To disable deprecation, use _CRT_SECURE_NO_WARNINGS. See online help for details.
  f:\windows kits\10\include\10.0.17763.0\ucrt\stdio.h(1774): note: 参见“sprintf”的声明
d:\hkk\hkk\hkk.cpp(298): warning C4996: 'strcat': This function or variable may be unsafe. Consider using strcat_s instead. To disable deprecation, use _CRT_SECURE_NO_WARNINGS. See online help for details.
  f:\windows kits\10\include\10.0.17763.0\ucrt\string.h(90): note: 参见“strcat”的声明
d:\hkk\hkk\hkk.cpp(299): warning C4996: 'strcat': This function or variable may be unsafe. Consider using strcat_s instead. To disable deprecation, use _CRT_SECURE_NO_WARNINGS. See online help for details.
  f:\windows kits\10\include\10.0.17763.0\ucrt\string.h(90): note: 参见“strcat”的声明
d:\hkk\hkk\hkk.cpp(301): warning C4996: 'strcpy': This function or variable may be unsafe. Consider using strcpy_s instead. To disable deprecation, use _CRT_SECURE_NO_WARNINGS. See online help for details.
  f:\windows kits\10\include\10.0.17763.0\ucrt\string.h(133): note: 参见“strcpy”的声明
d:\hkk\hkk\hkk.cpp(303): warning C4996: 'strcpy': This function or variable may be unsafe. Consider using strcpy_s instead. To disable deprecation, use _CRT_SECURE_NO_WARNINGS. See online help for details.
  f:\windows kits\10\include\10.0.17763.0\ucrt\string.h(133): note: 参见“strcpy”的声明
d:\hkk\hkk\hkk.cpp(306): warning C4996: 'sprintf': This function or variable may be unsafe. Consider using sprintf_s instead. To disable deprecation, use _CRT_SECURE_NO_WARNINGS. See online help for details.
  f:\windows kits\10\include\10.0.17763.0\ucrt\stdio.h(1774): note: 参见“sprintf”的声明
d:\hkk\hkk\hkk.cpp(307): warning C4996: 'strcat': This function or variable may be unsafe. Consider using strcat_s instead. To disable deprecation, use _CRT_SECURE_NO_WARNINGS. See online help for details.
  f:\windows kits\10\include\10.0.17763.0\ucrt\string.h(90): note: 参见“strcat”的声明
d:\hkk\hkk\hkk.cpp(308): warning C4996: 'strcat': This function or variable may be unsafe. Consider using strcat_s instead. To disable deprecation, use _CRT_SECURE_NO_WARNINGS. See online help for details.
  f:\windows kits\10\include\10.0.17763.0\ucrt\string.h(90): note: 参见“strcat”的声明
d:\hkk\hkk\hkk.cpp(310): warning C4996: 'strcpy': This function or variable may be unsafe. Consider using strcpy_s instead. To disable deprecation, use _CRT_SECURE_NO_WARNINGS. See online help for details.
  f:\windows kits\10\include\10.0.17763.0\ucrt\string.h(133): note: 参见“strcpy”的声明
d:\hkk\hkk\hkk.cpp(314): warning C4996: 'sprintf': This function or variable may be unsafe. Consider using sprintf_s instead. To disable deprecation, use _CRT_SECURE_NO_WARNINGS. See online help for details.
  f:\windows kits\10\include\10.0.17763.0\ucrt\stdio.h(1774): note: 参见“sprintf”的声明
d:\hkk\hkk\hkk.cpp(315): warning C4996: 'strcat': This function or variable may be unsafe. Consider using strcat_s instead. To disable deprecation, use _CRT_SECURE_NO_WARNINGS. See online help for details.
  f:\windows kits\10\include\10.0.17763.0\ucrt\string.h(90): note: 参见“strcat”的声明
d:\hkk\hkk\hkk.cpp(316): warning C4996: 'strcat': This function or variable may be unsafe. Consider using strcat_s instead. To disable deprecation, use _CRT_SECURE_NO_WARNINGS. See online help for details.
  f:\windows kits\10\include\10.0.17763.0\ucrt\string.h(90): note: 参见“strcat”的声明
d:\hkk\hkk\hkk.cpp(318): warning C4996: 'strcpy': This function or variable may be unsafe. Consider using strcpy_s instead. To disable deprecation, use _CRT_SECURE_NO_WARNINGS. See online help for details.
  f:\windows kits\10\include\10.0.17763.0\ucrt\string.h(133): note: 参见“strcpy”的声明
d:\hkk\hkk\hkk.cpp(322): warning C4996: 'sprintf': This function or variable may be unsafe. Consider using sprintf_s instead. To disable deprecation, use _CRT_SECURE_NO_WARNINGS. See online help for details.
  f:\windows kits\10\include\10.0.17763.0\ucrt\stdio.h(1774): note: 参见“sprintf”的声明
d:\hkk\hkk\hkk.cpp(323): warning C4996: 'strcat': This function or variable may be unsafe. Consider using strcat_s instead. To disable deprecation, use _CRT_SECURE_NO_WARNINGS. See online help for details.
  f:\windows kits\10\include\10.0.17763.0\ucrt\string.h(90): note: 参见“strcat”的声明
d:\hkk\hkk\hkk.cpp(324): warning C4996: 'strcat': This function or variable may be unsafe. Consider using strcat_s instead. To disable deprecation, use _CRT_SECURE_NO_WARNINGS. See online help for details.
  f:\windows kits\10\include\10.0.17763.0\ucrt\string.h(90): note: 参见“strcat”的声明
d:\hkk\hkk\hkk.cpp(326): warning C4996: 'strcpy': This function or variable may be unsafe. Consider using strcpy_s instead. To disable deprecation, use _CRT_SECURE_NO_WARNINGS. See online help for details.
  f:\windows kits\10\include\10.0.17763.0\ucrt\string.h(133): note: 参见“strcpy”的声明
d:\hkk\hkk\hkk.cpp(330): warning C4996: 'sprintf': This function or variable may be unsafe. Consider using sprintf_s instead. To disable deprecation, use _CRT_SECURE_NO_WARNINGS. See online help for details.
  f:\windows kits\10\include\10.0.17763.0\ucrt\stdio.h(1774): note: 参见“sprintf”的声明
d:\hkk\hkk\hkk.cpp(331): warning C4996: 'strcat': This function or variable may be unsafe. Consider using strcat_s instead. To disable deprecation, use _CRT_SECURE_NO_WARNINGS. See online help for details.
  f:\windows kits\10\include\10.0.17763.0\ucrt\string.h(90): note: 参见“strcat”的声明
d:\hkk\hkk\hkk.cpp(332): warning C4996: 'strcat': This function or variable may be unsafe. Consider using strcat_s instead. To disable deprecation, use _CRT_SECURE_NO_WARNINGS. See online help for details.
  f:\windows kits\10\include\10.0.17763.0\ucrt\string.h(90): note: 参见“strcat”的声明
d:\hkk\hkk\hkk.cpp(334): warning C4996: 'strcpy': This function or variable may be unsafe. Consider using strcpy_s instead. To disable deprecation, use _CRT_SECURE_NO_WARNINGS. See online help for details.
  f:\windows kits\10\include\10.0.17763.0\ucrt\string.h(133): note: 参见“strcpy”的声明
d:\hkk\hkk\hkk.cpp(336): warning C4996: 'strcpy': This function or variable may be unsafe. Consider using strcpy_s instead. To disable deprecation, use _CRT_SECURE_NO_WARNINGS. See online help for details.
  f:\windows kits\10\include\10.0.17763.0\ucrt\string.h(133): note: 参见“strcpy”的声明
d:\hkk\hkk\hkk.cpp(339): warning C4996: 'sprintf': This function or variable may be unsafe. Consider using sprintf_s instead. To disable deprecation, use _CRT_SECURE_NO_WARNINGS. See online help for details.
  f:\windows kits\10\include\10.0.17763.0\ucrt\stdio.h(1774): note: 参见“sprintf”的声明
d:\hkk\hkk\hkk.cpp(340): warning C4996: 'strcat': This function or variable may be unsafe. Consider using strcat_s instead. To disable deprecation, use _CRT_SECURE_NO_WARNINGS. See online help for details.
  f:\windows kits\10\include\10.0.17763.0\ucrt\string.h(90): note: 参见“strcat”的声明
d:\hkk\hkk\hkk.cpp(341): warning C4996: 'strcat': This function or variable may be unsafe. Consider using strcat_s instead. To disable deprecation, use _CRT_SECURE_NO_WARNINGS. See online help for details.
  f:\windows kits\10\include\10.0.17763.0\ucrt\string.h(90): note: 参见“strcat”的声明
d:\hkk\hkk\hkk.cpp(343): warning C4996: 'strcpy': This function or variable may be unsafe. Consider using strcpy_s instead. To disable deprecation, use _CRT_SECURE_NO_WARNINGS. See online help for details.
  f:\windows kits\10\include\10.0.17763.0\ucrt\string.h(133): note: 参见“strcpy”的声明
d:\hkk\hkk\hkk.cpp(345): warning C4996: 'strcpy': This function or variable may be unsafe. Consider using strcpy_s instead. To disable deprecation, use _CRT_SECURE_NO_WARNINGS. See online help for details.
  f:\windows kits\10\include\10.0.17763.0\ucrt\string.h(133): note: 参见“strcpy”的声明
d:\hkk\hkk\hkk.cpp(348): warning C4996: 'sprintf': This function or variable may be unsafe. Consider using sprintf_s instead. To disable deprecation, use _CRT_SECURE_NO_WARNINGS. See online help for details.
  f:\windows kits\10\include\10.0.17763.0\ucrt\stdio.h(1774): note: 参见“sprintf”的声明
d:\hkk\hkk\hkk.cpp(349): warning C4996: 'strcat': This function or variable may be unsafe. Consider using strcat_s instead. To disable deprecation, use _CRT_SECURE_NO_WARNINGS. See online help for details.
  f:\windows kits\10\include\10.0.17763.0\ucrt\string.h(90): note: 参见“strcat”的声明
d:\hkk\hkk\hkk.cpp(350): warning C4996: 'strcat': This function or variable may be unsafe. Consider using strcat_s instead. To disable deprecation, use _CRT_SECURE_NO_WARNINGS. See online help for details.
  f:\windows kits\10\include\10.0.17763.0\ucrt\string.h(90): note: 参见“strcat”的声明
d:\hkk\hkk\hkk.cpp(352): warning C4996: 'strcpy': This function or variable may be unsafe. Consider using strcpy_s instead. To disable deprecation, use _CRT_SECURE_NO_WARNINGS. See online help for details.
  f:\windows kits\10\include\10.0.17763.0\ucrt\string.h(133): note: 参见“strcpy”的声明
d:\hkk\hkk\hkk.cpp(354): warning C4996: 'strcpy': This function or variable may be unsafe. Consider using strcpy_s instead. To disable deprecation, use _CRT_SECURE_NO_WARNINGS. See online help for details.
  f:\windows kits\10\include\10.0.17763.0\ucrt\string.h(133): note: 参见“strcpy”的声明
d:\hkk\hkk\hkk.cpp(357): warning C4996: 'sprintf': This function or variable may be unsafe. Consider using sprintf_s instead. To disable deprecation, use _CRT_SECURE_NO_WARNINGS. See online help for details.
  f:\windows kits\10\include\10.0.17763.0\ucrt\stdio.h(1774): note: 参见“sprintf”的声明
d:\hkk\hkk\hkk.cpp(358): warning C4996: 'strcat': This function or variable may be unsafe. Consider using strcat_s instead. To disable deprecation, use _CRT_SECURE_NO_WARNINGS. See online help for details.
  f:\windows kits\10\include\10.0.17763.0\ucrt\string.h(90): note: 参见“strcat”的声明
d:\hkk\hkk\hkk.cpp(359): warning C4996: 'strcat': This function or variable may be unsafe. Consider using strcat_s instead. To disable deprecation, use _CRT_SECURE_NO_WARNINGS. See online help for details.
  f:\windows kits\10\include\10.0.17763.0\ucrt\string.h(90): note: 参见“strcat”的声明
d:\hkk\hkk\hkk.cpp(361): warning C4996: 'strcpy': This function or variable may be unsafe. Consider using strcpy_s instead. To disable deprecation, use _CRT_SECURE_NO_WARNINGS. See online help for details.
  f:\windows kits\10\include\10.0.17763.0\ucrt\string.h(133): note: 参见“strcpy”的声明
d:\hkk\hkk\hkk.cpp(364): warning C4996: 'strcpy': This function or variable may be unsafe. Consider using strcpy_s instead. To disable deprecation, use _CRT_SECURE_NO_WARNINGS. See online help for details.
  f:\windows kits\10\include\10.0.17763.0\ucrt\string.h(133): note: 参见“strcpy”的声明
d:\hkk\hkk\hkk.cpp(367): warning C4996: 'sprintf': This function or variable may be unsafe. Consider using sprintf_s instead. To disable deprecation, use _CRT_SECURE_NO_WARNINGS. See online help for details.
  f:\windows kits\10\include\10.0.17763.0\ucrt\stdio.h(1774): note: 参见“sprintf”的声明
d:\hkk\hkk\hkk.cpp(368): warning C4996: 'strcat': This function or variable may be unsafe. Consider using strcat_s instead. To disable deprecation, use _CRT_SECURE_NO_WARNINGS. See online help for details.
  f:\windows kits\10\include\10.0.17763.0\ucrt\string.h(90): note: 参见“strcat”的声明
d:\hkk\hkk\hkk.cpp(369): warning C4996: 'strcat': This function or variable may be unsafe. Consider using strcat_s instead. To disable deprecation, use _CRT_SECURE_NO_WARNINGS. See online help for details.
  f:\windows kits\10\include\10.0.17763.0\ucrt\string.h(90): note: 参见“strcat”的声明
d:\hkk\hkk\hkk.cpp(371): warning C4996: 'strcpy': This function or variable may be unsafe. Consider using strcpy_s instead. To disable deprecation, use _CRT_SECURE_NO_WARNINGS. See online help for details.
  f:\windows kits\10\include\10.0.17763.0\ucrt\string.h(133): note: 参见“strcpy”的声明
d:\hkk\hkk\hkk.cpp(435): warning C4267: “初始化”: 从“size_t”转换到“char”，可能丢失数据
d:\hkk\hkk\hkk.cpp(435): warning C4267: “初始化”: 从“size_t”转换到“const char”，可能丢失数据
d:\hkk\hkk\hkk.cpp(457): warning C4267: “初始化”: 从“size_t”转换到“char”，可能丢失数据
d:\hkk\hkk\hkk.cpp(457): warning C4267: “初始化”: 从“size_t”转换到“const char”，可能丢失数据
d:\hkk\hkk\hkk.cpp(466): warning C4267: “初始化”: 从“size_t”转换到“char”，可能丢失数据
d:\hkk\hkk\hkk.cpp(466): warning C4267: “初始化”: 从“size_t”转换到“const char”，可能丢失数据
d:\hkk\hkk\hkk.cpp(475): warning C4267: “初始化”: 从“size_t”转换到“char”，可能丢失数据
d:\hkk\hkk\hkk.cpp(475): warning C4267: “初始化”: 从“size_t”转换到“const char”，可能丢失数据
d:\hkk\hkk\hkk.cpp(507): warning C4267: “初始化”: 从“size_t”转换到“char”，可能丢失数据
d:\hkk\hkk\hkk.cpp(507): warning C4267: “初始化”: 从“size_t”转换到“const char”，可能丢失数据
d:\hkk\hkk\hkk.cpp(538): warning C4838: 从“int”转换到“const char”需要收缩转换
d:\hkk\hkk\hkk.cpp(538): warning C4309: “初始化”: 截断常量值
d:\hkk\hkk\hkk.cpp(756): warning C4018: “<”: 有符号/无符号不匹配
d:\hkk\hkk\hkk.cpp(764): warning C4018: “<”: 有符号/无符号不匹配
d:\hkk\hkk\hkk.cpp(877): warning C4018: “<”: 有符号/无符号不匹配
d:\hkk\hkk\hkk.cpp(884): warning C4018: “<”: 有符号/无符号不匹配
d:\hkk\hkk\hkk.cpp(892): warning C4018: “<”: 有符号/无符号不匹配
d:\hkk\hkk\hkk.cpp(899): warning C4018: “<”: 有符号/无符号不匹配
d:\hkk\hkk\hkk.cpp(920): warning C4018: “<”: 有符号/无符号不匹配
d:\hkk\hkk\hkk.cpp(950): warning C4018: “<”: 有符号/无符号不匹配
d:\hkk\hkk\hkk.cpp(957): warning C4018: “<”: 有符号/无符号不匹配
d:\hkk\hkk\hkk.cpp(979): warning C4018: “<”: 有符号/无符号不匹配
d:\hkk\hkk\hkk.cpp(988): warning C4018: “<”: 有符号/无符号不匹配
d:\hkk\hkk\hkk.cpp(995): warning C4018: “<”: 有符号/无符号不匹配
d:\hkk\hkk\hkk.cpp(1002): warning C4018: “<”: 有符号/无符号不匹配
d:\hkk\hkk\hkk.cpp(1009): warning C4018: “<”: 有符号/无符号不匹配
d:\hkk\hkk\hkk.cpp(1016): warning C4018: “<”: 有符号/无符号不匹配
d:\hkk\hkk\hkk.cpp(1027): warning C4018: “<”: 有符号/无符号不匹配
d:\hkk\hkk\hkk.cpp(1034): warning C4018: “<”: 有符号/无符号不匹配
d:\hkk\hkk\hkk.cpp(1041): warning C4018: “<”: 有符号/无符号不匹配
d:\hkk\hkk\hkk.cpp(1048): warning C4018: “<”: 有符号/无符号不匹配
d:\hkk\hkk\hkk.cpp(1055): warning C4018: “<”: 有符号/无符号不匹配
d:\hkk\hkk\hkk.cpp(1070): warning C4018: “<”: 有符号/无符号不匹配
d:\hkk\hkk\hkk.cpp(1077): warning C4018: “<”: 有符号/无符号不匹配
d:\hkk\hkk\hkk.cpp(1084): warning C4018: “<”: 有符号/无符号不匹配
d:\hkk\hkk\hkk.cpp(1091): warning C4018: “<”: 有符号/无符号不匹配
d:\hkk\hkk\hkk.cpp(1098): warning C4018: “<”: 有符号/无符号不匹配
d:\hkk\hkk\hkk.cpp(1105): warning C4018: “<”: 有符号/无符号不匹配
d:\hkk\hkk\hkk.cpp(1112): warning C4018: “<”: 有符号/无符号不匹配
d:\hkk\hkk\hkk.cpp(1119): warning C4018: “<”: 有符号/无符号不匹配
d:\hkk\hkk\hkk.cpp(1126): warning C4018: “<”: 有符号/无符号不匹配
d:\hkk\hkk\hkk.cpp(1133): warning C4018: “<”: 有符号/无符号不匹配
d:\hkk\hkk\hkk.cpp(1169): warning C4018: “<”: 有符号/无符号不匹配
d:\hkk\hkk\hkk.cpp(1197): warning C4018: “<”: 有符号/无符号不匹配
d:\hkk\hkk\hkk.cpp(1241): warning C4018: “<”: 有符号/无符号不匹配
d:\hkk\hkk\hkk.cpp(1269): warning C4018: “<”: 有符号/无符号不匹配
d:\hkk\hkk\hkk.cpp(1363): warning C4018: “<”: 有符号/无符号不匹配
d:\hkk\hkk\hkk.cpp(1370): warning C4018: “<”: 有符号/无符号不匹配
d:\hkk\hkk\hkk.cpp(1384): warning C4018: “<”: 有符号/无符号不匹配
d:\hkk\hkk\hkk.cpp(1394): warning C4018: “<”: 有符号/无符号不匹配
d:\hkk\hkk\hkk.cpp(1523): warning C4018: “<”: 有符号/无符号不匹配
d:\hkk\hkk\hkk.cpp(1556): warning C4018: “<”: 有符号/无符号不匹配
d:\hkk\hkk\hkk.cpp(1591): warning C4018: “<”: 有符号/无符号不匹配
d:\hkk\hkk\hkk.cpp(1625): warning C4018: “<”: 有符号/无符号不匹配
d:\hkk\hkk\hkk.cpp(1659): warning C4018: “<”: 有符号/无符号不匹配
d:\hkk\hkk\hkk.cpp(1699): warning C4018: “<”: 有符号/无符号不匹配
d:\hkk\hkk\hkk.cpp(1734): warning C4018: “<”: 有符号/无符号不匹配
d:\hkk\hkk\hkk.cpp(911): warning C4996: 'strcpy': This function or variable may be unsafe. Consider using strcpy_s instead. To disable deprecation, use _CRT_SECURE_NO_WARNINGS. See online help for details.
  f:\windows kits\10\include\10.0.17763.0\ucrt\string.h(133): note: 参见“strcpy”的声明
d:\hkk\hkk\hkk.cpp(913): warning C4996: 'strcpy': This function or variable may be unsafe. Consider using strcpy_s instead. To disable deprecation, use _CRT_SECURE_NO_WARNINGS. See online help for details.
  f:\windows kits\10\include\10.0.17763.0\ucrt\string.h(133): note: 参见“strcpy”的声明
d:\hkk\hkk\hkk.cpp(1766): warning C4244: “=”: 从“double”转换到“int”，可能丢失数据
d:\hkk\hkk\hkk.cpp(1770): warning C4244: “=”: 从“double”转换到“int”，可能丢失数据
d:\hkk\hkk\hkk.cpp(1769): warning C4996: 'strcpy': This function or variable may be unsafe. Consider using strcpy_s instead. To disable deprecation, use _CRT_SECURE_NO_WARNINGS. See online help for details.
  f:\windows kits\10\include\10.0.17763.0\ucrt\string.h(133): note: 参见“strcpy”的声明
d:\hkk\hkk\hkk.cpp(1778): warning C4996: 'strcpy': This function or variable may be unsafe. Consider using strcpy_s instead. To disable deprecation, use _CRT_SECURE_NO_WARNINGS. See online help for details.
  f:\windows kits\10\include\10.0.17763.0\ucrt\string.h(133): note: 参见“strcpy”的声明
d:\hkk\hkk\hkk.cpp(1804): warning C4244: “=”: 从“short”转换到“char”，可能丢失数据
d:\hkk\hkk\hkk.cpp(1824): warning C4838: 从“int”转换到“const char”需要收缩转换
d:\hkk\hkk\hkk.cpp(1824): warning C4309: “初始化”: 截断常量值
d:\hkk\hkk\hkk.cpp(1891): warning C4267: “=”: 从“size_t”转换到“char”，可能丢失数据
d:\hkk\hkk\hkk.cpp(1890): warning C4996: 'strcpy': This function or variable may be unsafe. Consider using strcpy_s instead. To disable deprecation, use _CRT_SECURE_NO_WARNINGS. See online help for details.
  f:\windows kits\10\include\10.0.17763.0\ucrt\string.h(133): note: 参见“strcpy”的声明
d:\hkk\hkk\hkk.cpp(1992): warning C4267: “初始化”: 从“size_t”转换到“char”，可能丢失数据
d:\hkk\hkk\hkk.cpp(1992): warning C4267: “初始化”: 从“size_t”转换到“const char”，可能丢失数据
d:\hkk\hkk\hkk.cpp(2132): warning C4244: “=”: 从“double”转换到“int”，可能丢失数据
d:\hkk\hkk\hkk.cpp(2180): warning C4244: “=”: 从“double”转换到“int”，可能丢失数据
d:\hkk\hkk\hkk.cpp(381): warning C4554: “>>”: 检查运算符优先级是否存在的可能的错误；使用括号阐明优先级
  d:\hkk\hkk\hkk.cpp(2137): note: 参见对正在编译的函数 模板 实例化“int bsb<stnt>(const T [],int,int,const T &)”的引用
          with
          [
              T=stnt
          ]
d:\hkk\hkk\hkk.cpp(1980): warning C4715: “stpr::scmd”: 不是所有的控件路径都返回值
  hkk.vcxproj -> D:\hkk\Debug\hkk.exe
